// 重构日志: aa9ebacc
// 重构日志: 49d9aa31
// 重构日志: 7104d7b6
// 重构日志: 9dc8e44d
// 重构日志: f477000f
// 同步 ID: 50740b9f @ Sat Jul 11 16:53:40 UTC 2026
// 同步 ID: ae635706 @ Sun Jul 12 11:34:20 UTC 2026
// 重构日志: b86650f0
// 重构日志: a9e4e6ee
// 重构日志: 2d57e805
// 同步 ID: 0286d266 @ Tue Jul 14 13:00:57 UTC 2026
// 重构日志: 57e1a61c
// 同步 ID: 37489e7c @ Wed Jul 15 00:59:32 UTC 2026
// 重构日志: 2eb1405b
// 重构日志: b242bc7a
// 重构日志: 0fc48a5f
// 同步 ID: 3811178c @ Thu Jul 16 12:50:48 UTC 2026
// 重构日志: 43622bd7
// 重构日志: d261400c
// 重构日志: 32f681f7
// 同步 ID: 84ef6ce7 @ Fri Jul 17 12:55:32 UTC 2026
// 同步 ID: 1c9fb33d @ Fri Jul 17 15:10:29 UTC 2026
// 重构日志: 8a6d1409
// 同步 ID: 4f09a453 @ Sat Jul 18 06:56:14 UTC 2026
// 重构日志: 1136842d
// 同步 ID: 34b2b9e5 @ Sat Jul 18 10:09:52 UTC 2026
// 重构日志: 9baa3349
// 重构日志: 164e2d6e
// 重构日志: 8338ded3
// 同步 ID: 5f29c733 @ Sun Jul 19 00:40:15 UTC 2026
// 重构日志: e31c5f15
// 重构日志: 07c54bd3
// 重构日志: cd885e85
